# JRE version: OpenJDK Runtime Environment (11.0.12+7) (build 11.0.12+7-b1504.28-7817840)
# Java VM: OpenJDK 64-Bit Server VM (11.0.12+7-b1504.28-7817840, mixed mode, tiered, compressed oops, g1 gc, windows-amd64)
Heap:
 garbage-first heap   total 491520K, used 260352K [0x0000000080000000, 0x0000000100000000)
  region size 1024K, 2 young (2048K), 2 survivors (2048K)
 Metaspace       used 174470K, capacity 178973K, committed 179096K, reserved 1206272K
  class space    used 21393K, capacity 22966K, committed 22988K, reserved 1048576K
GC Heap History (20 events):
Event: 4407.152 GC heap after
{Heap after GC invocations=153 (full 0):
 garbage-first heap   total 328704K, used 217546K [0x0000000080000000, 0x0000000100000000)
  region size 1024K, 11 young (11264K), 11 survivors (11264K)
 Metaspace       used 170634K, capacity 174765K, committed 174872K, reserved 1202176K
  class space    used 20906K, capacity 22311K, committed 22348K, reserved 1048576K
}
Event: 4407.543 GC heap before
{Heap before GC invocations=153 (full 0):
 garbage-first heap   total 328704K, used 222666K [0x0000000080000000, 0x0000000100000000)
  region size 1024K, 16 young (16384K), 11 survivors (11264K)
 Metaspace       used 170699K, capacity 174899K, committed 175128K, reserved 1202176K
  class space    used 20906K, capacity 22311K, committed 22348K, reserved 1048576K
}
Event: 4407.730 GC heap after
{Heap after GC invocations=154 (full 0):
 garbage-first heap   total 328704K, used 219895K [0x0000000080000000, 0x0000000100000000)
  region size 1024K, 2 young (2048K), 2 survivors (2048K)
 Metaspace       used 170699K, capacity 174899K, committed 175128K, reserved 1202176K
  class space    used 20906K, capacity 22311K, committed 22348K, reserved 1048576K
}
Event: 4408.803 GC heap before
{Heap before GC invocations=154 (full 0):
 garbage-first heap   total 328704K, used 266999K [0x0000000080000000, 0x0000000100000000)
  region size 1024K, 49 young (50176K), 2 survivors (2048K)
 Metaspace       used 170819K, capacity 174973K, committed 175128K, reserved 1202176K
  class space    used 20906K, capacity 22311K, committed 22348K, reserved 1048576K
}
Event: 4408.879 GC heap after
{Heap after GC invocations=155 (full 0):
 garbage-first heap   total 328704K, used 244198K [0x0000000080000000, 0x0000000100000000)
  region size 1024K, 7 young (7168K), 7 survivors (7168K)
 Metaspace       used 170819K, capacity 174973K, committed 175128K, reserved 1202176K
  class space    used 20906K, capacity 22311K, committed 22348K, reserved 1048576K
}
Event: 4410.687 GC heap before
{Heap before GC invocations=156 (full 0):
 garbage-first heap   total 328704K, used 271846K [0x0000000080000000, 0x0000000100000000)
  region size 1024K, 34 young (34816K), 7 survivors (7168K)
 Metaspace       used 172310K, capacity 176520K, committed 176664K, reserved 1204224K
  class space    used 21125K, capacity 22589K, committed 22604K, reserved 1048576K
}
Event: 4410.733 GC heap after
{Heap after GC invocations=157 (full 0):
 garbage-first heap   total 328704K, used 256000K [0x0000000080000000, 0x0000000100000000)
  region size 1024K, 5 young (5120K), 5 survivors (5120K)
 Metaspace       used 172310K, capacity 176520K, committed 176664K, reserved 1204224K
  class space    used 21125K, capacity 22589K, committed 22604K, reserved 1048576K
}
Event: 4410.902 GC heap before
{Heap before GC invocations=157 (full 0):
 garbage-first heap   total 328704K, used 266240K [0x0000000080000000, 0x0000000100000000)
  region size 1024K, 16 young (16384K), 5 survivors (5120K)
 Metaspace       used 172775K, capacity 177002K, committed 177304K, reserved 1204224K
  class space    used 21173K, capacity 22639K, committed 22732K, reserved 1048576K
}
Event: 4410.936 GC heap after
{Heap after GC invocations=158 (full 0):
 garbage-first heap   total 328704K, used 256512K [0x0000000080000000, 0x0000000100000000)
  region size 1024K, 2 young (2048K), 2 survivors (2048K)
 Metaspace       used 172775K, capacity 177002K, committed 177304K, reserved 1204224K
  class space    used 21173K, capacity 22639K, committed 22732K, reserved 1048576K
}
Event: 4411.261 GC heap before
{Heap before GC invocations=158 (full 0):
 garbage-first heap   total 328704K, used 274944K [0x0000000080000000, 0x0000000100000000)
  region size 1024K, 21 young (21504K), 2 survivors (2048K)
 Metaspace       used 173516K, capacity 177882K, committed 177944K, reserved 1204224K
  class space    used 21292K, capacity 22825K, committed 22860K, reserved 1048576K
}
Event: 4411.284 GC heap after
{Heap after GC invocations=159 (full 0):
 garbage-first heap   total 328704K, used 258699K [0x0000000080000000, 0x0000000100000000)
  region size 1024K, 3 young (3072K), 3 survivors (3072K)
 Metaspace       used 173516K, capacity 177882K, committed 177944K, reserved 1204224K
  class space    used 21292K, capacity 22825K, committed 22860K, reserved 1048576K
}
Event: 4411.865 GC heap before
{Heap before GC invocations=159 (full 0):
 garbage-first heap   total 328704K, used 278155K [0x0000000080000000, 0x0000000100000000)
  region size 1024K, 22 young (22528K), 3 survivors (3072K)
 Metaspace       used 173824K, capacity 178209K, committed 178584K, reserved 1204224K
  class space    used 21335K, capacity 22868K, committed 22988K, reserved 1048576K
}
Event: 4411.876 GC heap after
{Heap after GC invocations=160 (full 0):
 garbage-first heap   total 328704K, used 260831K [0x0000000080000000, 0x0000000100000000)
  region size 1024K, 3 young (3072K), 3 survivors (3072K)
 Metaspace       used 173824K, capacity 178209K, committed 178584K, reserved 1204224K
  class space    used 21335K, capacity 22868K, committed 22988K, reserved 1048576K
}
Event: 4412.310 GC heap before
{Heap before GC invocations=160 (full 0):
 garbage-first heap   total 328704K, used 271071K [0x0000000080000000, 0x0000000100000000)
  region size 1024K, 22 young (22528K), 3 survivors (3072K)
 Metaspace       used 174063K, capacity 178502K, committed 178840K, reserved 1206272K
  class space    used 21350K, capacity 22898K, committed 22988K, reserved 1048576K
}
Event: 4412.326 GC heap after
{Heap after GC invocations=161 (full 0):
 garbage-first heap   total 328704K, used 254306K [0x0000000080000000, 0x0000000100000000)
  region size 1024K, 2 young (2048K), 2 survivors (2048K)
 Metaspace       used 174063K, capacity 178502K, committed 178840K, reserved 1206272K
  class space    used 21350K, capacity 22898K, committed 22988K, reserved 1048576K
}
Event: 4412.744 GC heap before
{Heap before GC invocations=162 (full 0):
 garbage-first heap   total 328704K, used 282978K [0x0000000080000000, 0x0000000100000000)
  region size 1024K, 24 young (24576K), 2 survivors (2048K)
 Metaspace       used 174075K, capacity 178503K, committed 178840K, reserved 1206272K
  class space    used 21350K, capacity 22898K, committed 22988K, reserved 1048576K
}
Event: 4412.763 GC heap after
{Heap after GC invocations=163 (full 0):
 garbage-first heap   total 328704K, used 260611K [0x0000000080000000, 0x0000000100000000)
  region size 1024K, 2 young (2048K), 2 survivors (2048K)
 Metaspace       used 174075K, capacity 178503K, committed 178840K, reserved 1206272K
  class space    used 21350K, capacity 22898K, committed 22988K, reserved 1048576K
}
Event: 4413.211 GC heap before
{Heap before GC invocations=163 (full 0):
 garbage-first heap   total 328704K, used 278019K [0x0000000080000000, 0x0000000100000000)
  region size 1024K, 16 young (16384K), 2 survivors (2048K)
 Metaspace       used 174309K, capacity 178792K, committed 178840K, reserved 1206272K
  class space    used 21376K, capacity 22948K, committed 22988K, reserved 1048576K
}
Event: 4413.280 GC heap after
{Heap after GC invocations=164 (full 0):
 garbage-first heap   total 328704K, used 258609K [0x0000000080000000, 0x0000000100000000)
  region size 1024K, 1 young (1024K), 1 survivors (1024K)
 Metaspace       used 174309K, capacity 178792K, committed 178840K, reserved 1206272K
  class space    used 21376K, capacity 22948K, committed 22988K, reserved 1048576K
}
Event: 4413.742 GC heap before
{Heap before GC invocations=164 (full 0):
 garbage-first heap   total 328704K, used 273969K [0x0000000080000000, 0x0000000100000000)
  region size 1024K, 16 young (16384K), 1 survivors (1024K)
 Metaspace       used 174470K, capacity 178973K, committed 179096K, reserved 1206272K
  class space    used 21393K, capacity 22966K, committed 22988K, reserved 1048576K
}

